[INFO] 2024/09/12 18:00:39 main.go:140: opensca-cli version: v3.0.5
[INFO] 2024/09/12 18:00:39 main.go:141: use config: 
[DEBUG] 2024/09/12 18:00:39 walk.go:33: walk /home/linuzz/sbom/sbomqs-sbom-tool.spdx.json
[DEBUG] 2024/09/12 18:00:39 walk.go:90: find sbomqs-sbom-tool.spdx.json
[DEBUG] 2024/09/12 18:00:39 run.go:113: start sca:sbom.Sca file:sbomqs-sbom-tool.spdx.json files:[sbomqs-sbom-tool.spdx.json]
[INFO] 2024/09/12 18:00:39 run.go:128: file:sbomqs-sbom-tool.spdx.json deps:87 language:
[INFO] 2024/09/12 18:00:39 run.go:128: file:sbomqs-sbom-tool.spdx.json deps:1 language:
[DEBUG] 2024/09/12 18:00:39 run.go:137: end sca:sbom.Sca file:sbomqs-sbom-tool.spdx.json
[DEBUG] 2024/09/12 18:00:39 main.go:72: dependency tree:
[:]<>(sbomqs-sbom-tool.spdx.json)
  [Interlynk:sbomqs:v0.1.9]<>(sbomqs-sbom-tool.spdx.json/[Interlynk:sbomqs:v0.1.9])
    [NOASSERTION:golang.org/x/net:v0.26.0]<Golang>(sbomqs-sbom-tool.spdx.json/[Interlynk:sbomqs:v0.1.9]/[NOASSERTION:golang.org/x/net:v0.26.0])
    [NOASSERTION:github.com/Masterminds/semver/v3:v3.2.1]<Golang>(sbomqs-sbom-tool.spdx.json/[Interlynk:sbomqs:v0.1.9]/[NOASSERTION:github.com/Masterminds/semver/v3:v3.2.1])
    [NOASSERTION:go.uber.org/goleak:v1.3.0]<Golang>(sbomqs-sbom-tool.spdx.json/[Interlynk:sbomqs:v0.1.9]/[NOASSERTION:go.uber.org/goleak:v1.3.0])
    [NOASSERTION:github.com/common-nighthawk/go-figure:v0.0.0-20210622060536-734e95fb86be]<Golang>(sbomqs-sbom-tool.spdx.json/[Interlynk:sbomqs:v0.1.9]/[NOASSERTION:github.com/common-nighthawk/go-figure:v0.0.0-20210622060536-734e95fb86be])
    [NOASSERTION:github.com/pkg/errors:v0.9.1]<Golang>(sbomqs-sbom-tool.spdx.json/[Interlynk:sbomqs:v0.1.9]/[NOASSERTION:github.com/pkg/errors:v0.9.1])
    [NOASSERTION:go.uber.org/multierr:v1.11.0]<Golang>(sbomqs-sbom-tool.spdx.json/[Interlynk:sbomqs:v0.1.9]/[NOASSERTION:go.uber.org/multierr:v1.11.0])
    [NOASSERTION:github.com/mattn/go-runewidth:v0.0.15]<Golang>(sbomqs-sbom-tool.spdx.json/[Interlynk:sbomqs:v0.1.9]/[NOASSERTION:github.com/mattn/go-runewidth:v0.0.15])
    [NOASSERTION:github.com/xi2/xz:v0.0.0-20171230120015-48954b6210f8]<Golang>(sbomqs-sbom-tool.spdx.json/[Interlynk:sbomqs:v0.1.9]/[NOASSERTION:github.com/xi2/xz:v0.0.0-20171230120015-48954b6210f8])
    [NOASSERTION:github.com/github/go-spdx/v2:v2.3.1]<Golang>(sbomqs-sbom-tool.spdx.json/[Interlynk:sbomqs:v0.1.9]/[NOASSERTION:github.com/github/go-spdx/v2:v2.3.1])
    [NOASSERTION:gotest.tools:v2.2.0+incompatible]<Golang>(sbomqs-sbom-tool.spdx.json/[Interlynk:sbomqs:v0.1.9]/[NOASSERTION:gotest.tools:v2.2.0+incompatible])
    [NOASSERTION:github.com/moby/term:v0.5.0]<Golang>(sbomqs-sbom-tool.spdx.json/[Interlynk:sbomqs:v0.1.9]/[NOASSERTION:github.com/moby/term:v0.5.0])
    [NOASSERTION:github.com/klauspost/pgzip:v1.2.6]<Golang>(sbomqs-sbom-tool.spdx.json/[Interlynk:sbomqs:v0.1.9]/[NOASSERTION:github.com/klauspost/pgzip:v1.2.6])
    [NOASSERTION:k8s.io/utils:v0.0.0-20240502163921-fe8a2dddb1d0]<Golang>(sbomqs-sbom-tool.spdx.json/[Interlynk:sbomqs:v0.1.9]/[NOASSERTION:k8s.io/utils:v0.0.0-20240502163921-fe8a2dddb1d0])
    [NOASSERTION:github.com/yuin/goldmark:v1.4.13]<Golang>(sbomqs-sbom-tool.spdx.json/[Interlynk:sbomqs:v0.1.9]/[NOASSERTION:github.com/yuin/goldmark:v1.4.13])
    [NOASSERTION:golang.org/x/oauth2:v0.21.0]<Golang>(sbomqs-sbom-tool.spdx.json/[Interlynk:sbomqs:v0.1.9]/[NOASSERTION:golang.org/x/oauth2:v0.21.0])
    [NOASSERTION:github.com/jarcoal/httpmock:v1.3.0]<Golang>(sbomqs-sbom-tool.spdx.json/[Interlynk:sbomqs:v0.1.9]/[NOASSERTION:github.com/jarcoal/httpmock:v1.3.0])
    [NOASSERTION:sigs.k8s.io/yaml:v1.4.0]<Golang>(sbomqs-sbom-tool.spdx.json/[Interlynk:sbomqs:v0.1.9]/[NOASSERTION:sigs.k8s.io/yaml:v1.4.0])
    [NOASSERTION:github.com/pmezard/go-difflib:v1.0.0]<Golang>(sbomqs-sbom-tool.spdx.json/[Interlynk:sbomqs:v0.1.9]/[NOASSERTION:github.com/pmezard/go-difflib:v1.0.0])
    [NOASSERTION:github.com/samber/lo:v1.46.0]<Golang>(sbomqs-sbom-tool.spdx.json/[Interlynk:sbomqs:v0.1.9]/[NOASSERTION:github.com/samber/lo:v1.46.0])
    [NOASSERTION:github.com/bradleyjkemp/cupaloy/v2:v2.8.0]<Golang>(sbomqs-sbom-tool.spdx.json/[Interlynk:sbomqs:v0.1.9]/[NOASSERTION:github.com/bradleyjkemp/cupaloy/v2:v2.8.0])
    [NOASSERTION:github.com/ulikunitz/xz:v0.5.12]<Golang>(sbomqs-sbom-tool.spdx.json/[Interlynk:sbomqs:v0.1.9]/[NOASSERTION:github.com/ulikunitz/xz:v0.5.12])
    [NOASSERTION:cloud.google.com/go/compute/metadata:v0.3.0]<Golang>(sbomqs-sbom-tool.spdx.json/[Interlynk:sbomqs:v0.1.9]/[NOASSERTION:cloud.google.com/go/compute/metadata:v0.3.0])
    [NOASSERTION:github.com/Azure/go-ansiterm:v0.0.0-20230124172434-306776ec8161]<Golang>(sbomqs-sbom-tool.spdx.json/[Interlynk:sbomqs:v0.1.9]/[NOASSERTION:github.com/Azure/go-ansiterm:v0.0.0-20230124172434-306776ec8161])
    [NOASSERTION:github.com/russross/blackfriday/v2:v2.1.0]<Golang>(sbomqs-sbom-tool.spdx.json/[Interlynk:sbomqs:v0.1.9]/[NOASSERTION:github.com/russross/blackfriday/v2:v2.1.0])
    [NOASSERTION:github.com/bwesterb/go-ristretto:v1.2.3]<Golang>(sbomqs-sbom-tool.spdx.json/[Interlynk:sbomqs:v0.1.9]/[NOASSERTION:github.com/bwesterb/go-ristretto:v1.2.3])
    [NOASSERTION:github.com/ProtonMail/go-crypto:v1.0.0]<Golang>(sbomqs-sbom-tool.spdx.json/[Interlynk:sbomqs:v0.1.9]/[NOASSERTION:github.com/ProtonMail/go-crypto:v1.0.0])
    [NOASSERTION:golang.org/x/sync:v0.7.0]<Golang>(sbomqs-sbom-tool.spdx.json/[Interlynk:sbomqs:v0.1.9]/[NOASSERTION:golang.org/x/sync:v0.7.0])
    [NOASSERTION:golang.org/x/text:v0.16.0]<Golang>(sbomqs-sbom-tool.spdx.json/[Interlynk:sbomqs:v0.1.9]/[NOASSERTION:golang.org/x/text:v0.16.0])
    [NOASSERTION:github.com/pierrec/lz4/v4:v4.1.21]<Golang>(sbomqs-sbom-tool.spdx.json/[Interlynk:sbomqs:v0.1.9]/[NOASSERTION:github.com/pierrec/lz4/v4:v4.1.21])
    [NOASSERTION:github.com/kr/pretty:v0.3.1]<Golang>(sbomqs-sbom-tool.spdx.json/[Interlynk:sbomqs:v0.1.9]/[NOASSERTION:github.com/kr/pretty:v0.3.1])
    [NOASSERTION:github.com/maxbrunsfeld/counterfeiter/v6:v6.8.1]<Golang>(sbomqs-sbom-tool.spdx.json/[Interlynk:sbomqs:v0.1.9]/[NOASSERTION:github.com/maxbrunsfeld/counterfeiter/v6:v6.8.1])
    [NOASSERTION:github.com/golang/protobuf:v1.5.2]<Golang>(sbomqs-sbom-tool.spdx.json/[Interlynk:sbomqs:v0.1.9]/[NOASSERTION:github.com/golang/protobuf:v1.5.2])
    [NOASSERTION:sigs.k8s.io/release-utils:v0.8.3]<Golang>(sbomqs-sbom-tool.spdx.json/[Interlynk:sbomqs:v0.1.9]/[NOASSERTION:sigs.k8s.io/release-utils:v0.8.3])
    [NOASSERTION:gopkg.in/yaml.v3:v3.0.1]<Golang>(sbomqs-sbom-tool.spdx.json/[Interlynk:sbomqs:v0.1.9]/[NOASSERTION:gopkg.in/yaml.v3:v3.0.1])
    [NOASSERTION:github.com/magefile/mage:v1.15.0]<Golang>(sbomqs-sbom-tool.spdx.json/[Interlynk:sbomqs:v0.1.9]/[NOASSERTION:github.com/magefile/mage:v1.15.0])
    [NOASSERTION:golang.org/x/crypto:v0.24.0]<Golang>(sbomqs-sbom-tool.spdx.json/[Interlynk:sbomqs:v0.1.9]/[NOASSERTION:golang.org/x/crypto:v0.24.0])
    [NOASSERTION:github.com/google/uuid:v1.6.0]<Golang>(sbomqs-sbom-tool.spdx.json/[Interlynk:sbomqs:v0.1.9]/[NOASSERTION:github.com/google/uuid:v1.6.0])
    [NOASSERTION:golang.org/x/xerrors:v0.0.0-20191204190536-9bdfabe68543]<Golang>(sbomqs-sbom-tool.spdx.json/[Interlynk:sbomqs:v0.1.9]/[NOASSERTION:golang.org/x/xerrors:v0.0.0-20191204190536-9bdfabe68543])
    [NOASSERTION:github.com/xeipuuv/gojsonpointer:v0.0.0-20180127040702-4e3ac2762d5f]<Golang>(sbomqs-sbom-tool.spdx.json/[Interlynk:sbomqs:v0.1.9]/[NOASSERTION:github.com/xeipuuv/gojsonpointer:v0.0.0-20180127040702-4e3ac2762d5f])
    [NOASSERTION:github.com/spdx/tools-golang:v0.5.5]<Golang>(sbomqs-sbom-tool.spdx.json/[Interlynk:sbomqs:v0.1.9]/[NOASSERTION:github.com/spdx/tools-golang:v0.5.5])
    [NOASSERTION:github.com/rogpeppe/go-internal:v1.9.0]<Golang>(sbomqs-sbom-tool.spdx.json/[Interlynk:sbomqs:v0.1.9]/[NOASSERTION:github.com/rogpeppe/go-internal:v1.9.0])
    [NOASSERTION:golang.org/x/tools:v0.22.0]<Golang>(sbomqs-sbom-tool.spdx.json/[Interlynk:sbomqs:v0.1.9]/[NOASSERTION:golang.org/x/tools:v0.22.0])
    [NOASSERTION:gopkg.in/check.v1:v1.0.0-20201130134442-10cb98267c6c]<Golang>(sbomqs-sbom-tool.spdx.json/[Interlynk:sbomqs:v0.1.9]/[NOASSERTION:gopkg.in/check.v1:v1.0.0-20201130134442-10cb98267c6c])
    [NOASSERTION:github.com/pkg/diff:v0.0.0-20210226163009-20ebb0f2a09e]<Golang>(sbomqs-sbom-tool.spdx.json/[Interlynk:sbomqs:v0.1.9]/[NOASSERTION:github.com/pkg/diff:v0.0.0-20210226163009-20ebb0f2a09e])
    [NOASSERTION:golang.org/x/mod:v0.18.0]<Golang>(sbomqs-sbom-tool.spdx.json/[Interlynk:sbomqs:v0.1.9]/[NOASSERTION:golang.org/x/mod:v0.18.0])
    [NOASSERTION:github.com/google/go-cmp:v0.6.0]<Golang>(sbomqs-sbom-tool.spdx.json/[Interlynk:sbomqs:v0.1.9]/[NOASSERTION:github.com/google/go-cmp:v0.6.0])
    [NOASSERTION:github.com/kr/text:v0.2.0]<Golang>(sbomqs-sbom-tool.spdx.json/[Interlynk:sbomqs:v0.1.9]/[NOASSERTION:github.com/kr/text:v0.2.0])
    [NOASSERTION:github.com/klauspost/compress:v1.17.8]<Golang>(sbomqs-sbom-tool.spdx.json/[Interlynk:sbomqs:v0.1.9]/[NOASSERTION:github.com/klauspost/compress:v1.17.8])
    [NOASSERTION:github.com/andybalholm/brotli:v1.1.0]<Golang>(sbomqs-sbom-tool.spdx.json/[Interlynk:sbomqs:v0.1.9]/[NOASSERTION:github.com/andybalholm/brotli:v1.1.0])
    [NOASSERTION:github.com/xeipuuv/gojsonschema:v1.2.0]<Golang>(sbomqs-sbom-tool.spdx.json/[Interlynk:sbomqs:v0.1.9]/[NOASSERTION:github.com/xeipuuv/gojsonschema:v1.2.0])
    [NOASSERTION:github.com/davecgh/go-spew:v1.1.1]<Golang>(sbomqs-sbom-tool.spdx.json/[Interlynk:sbomqs:v0.1.9]/[NOASSERTION:github.com/davecgh/go-spew:v1.1.1])
    [NOASSERTION:github.com/sirupsen/logrus:v1.9.3]<Golang>(sbomqs-sbom-tool.spdx.json/[Interlynk:sbomqs:v0.1.9]/[NOASSERTION:github.com/sirupsen/logrus:v1.9.3])
    [NOASSERTION:github.com/mholt/archiver/v3:v3.5.1]<Golang>(sbomqs-sbom-tool.spdx.json/[Interlynk:sbomqs:v0.1.9]/[NOASSERTION:github.com/mholt/archiver/v3:v3.5.1])
    [NOASSERTION:github.com/terminalstatic/go-xsd-validate:v0.1.5]<Golang>(sbomqs-sbom-tool.spdx.json/[Interlynk:sbomqs:v0.1.9]/[NOASSERTION:github.com/terminalstatic/go-xsd-validate:v0.1.5])
    [NOASSERTION:github.com/nwaples/rardecode:v1.1.3]<Golang>(sbomqs-sbom-tool.spdx.json/[Interlynk:sbomqs:v0.1.9]/[NOASSERTION:github.com/nwaples/rardecode:v1.1.3])
    [NOASSERTION:github.com/spf13/cobra:v1.8.1]<Golang>(sbomqs-sbom-tool.spdx.json/[Interlynk:sbomqs:v0.1.9]/[NOASSERTION:github.com/spf13/cobra:v1.8.1])
    [NOASSERTION:github.com/stretchr/objx:v0.5.2]<Golang>(sbomqs-sbom-tool.spdx.json/[Interlynk:sbomqs:v0.1.9]/[NOASSERTION:github.com/stretchr/objx:v0.5.2])
    [NOASSERTION:golang.org/x/term:v0.21.0]<Golang>(sbomqs-sbom-tool.spdx.json/[Interlynk:sbomqs:v0.1.9]/[NOASSERTION:golang.org/x/term:v0.21.0])
    [NOASSERTION:github.com/sclevine/spec:v1.4.0]<Golang>(sbomqs-sbom-tool.spdx.json/[Interlynk:sbomqs:v0.1.9]/[NOASSERTION:github.com/sclevine/spec:v1.4.0])
    [NOASSERTION:golang.org/x/telemetry:v0.0.0-20240521205824-bda55230c457]<Golang>(sbomqs-sbom-tool.spdx.json/[Interlynk:sbomqs:v0.1.9]/[NOASSERTION:golang.org/x/telemetry:v0.0.0-20240521205824-bda55230c457])
    [NOASSERTION:github.com/spdx/gordf:v0.0.0-20221230105357-b735bd5aac89]<Golang>(sbomqs-sbom-tool.spdx.json/[Interlynk:sbomqs:v0.1.9]/[NOASSERTION:github.com/spdx/gordf:v0.0.0-20221230105357-b735bd5aac89])
    [NOASSERTION:google.golang.org/appengine:v1.6.7]<Golang>(sbomqs-sbom-tool.spdx.json/[Interlynk:sbomqs:v0.1.9]/[NOASSERTION:google.golang.org/appengine:v1.6.7])
    [NOASSERTION:github.com/cpuguy83/go-md2man/v2:v2.0.4]<Golang>(sbomqs-sbom-tool.spdx.json/[Interlynk:sbomqs:v0.1.9]/[NOASSERTION:github.com/cpuguy83/go-md2man/v2:v2.0.4])
    [NOASSERTION:github.com/uwu-tools/magex:v0.10.0]<Golang>(sbomqs-sbom-tool.spdx.json/[Interlynk:sbomqs:v0.1.9]/[NOASSERTION:github.com/uwu-tools/magex:v0.10.0])
    [NOASSERTION:golang.org/x/sys:v0.21.0]<Golang>(sbomqs-sbom-tool.spdx.json/[Interlynk:sbomqs:v0.1.9]/[NOASSERTION:golang.org/x/sys:v0.21.0])
    [NOASSERTION:github.com/DependencyTrack/client-go:v0.13.0]<Golang>(sbomqs-sbom-tool.spdx.json/[Interlynk:sbomqs:v0.1.9]/[NOASSERTION:github.com/DependencyTrack/client-go:v0.13.0])
    [NOASSERTION:github.com/golang/snappy:v0.0.4]<Golang>(sbomqs-sbom-tool.spdx.json/[Interlynk:sbomqs:v0.1.9]/[NOASSERTION:github.com/golang/snappy:v0.0.4])
    [NOASSERTION:github.com/cloudflare/circl:v1.3.9]<Golang>(sbomqs-sbom-tool.spdx.json/[Interlynk:sbomqs:v0.1.9]/[NOASSERTION:github.com/cloudflare/circl:v1.3.9])
    [NOASSERTION:github.com/rivo/uniseg:v0.4.7]<Golang>(sbomqs-sbom-tool.spdx.json/[Interlynk:sbomqs:v0.1.9]/[NOASSERTION:github.com/rivo/uniseg:v0.4.7])
    [NOASSERTION:github.com/olekukonko/tablewriter:v0.0.5]<Golang>(sbomqs-sbom-tool.spdx.json/[Interlynk:sbomqs:v0.1.9]/[NOASSERTION:github.com/olekukonko/tablewriter:v0.0.5])
    [NOASSERTION:github.com/spf13/pflag:v1.0.5]<Golang>(sbomqs-sbom-tool.spdx.json/[Interlynk:sbomqs:v0.1.9]/[NOASSERTION:github.com/spf13/pflag:v1.0.5])
    [NOASSERTION:github.com/stretchr/testify:v1.9.0]<Golang>(sbomqs-sbom-tool.spdx.json/[Interlynk:sbomqs:v0.1.9]/[NOASSERTION:github.com/stretchr/testify:v1.9.0])
    [NOASSERTION:github.com/inconshreveable/mousetrap:v1.1.0]<Golang>(sbomqs-sbom-tool.spdx.json/[Interlynk:sbomqs:v0.1.9]/[NOASSERTION:github.com/inconshreveable/mousetrap:v1.1.0])
    [NOASSERTION:go.uber.org/zap:v1.27.0]<Golang>(sbomqs-sbom-tool.spdx.json/[Interlynk:sbomqs:v0.1.9]/[NOASSERTION:go.uber.org/zap:v1.27.0])
    [NOASSERTION:google.golang.org/protobuf:v1.28.0]<Golang>(sbomqs-sbom-tool.spdx.json/[Interlynk:sbomqs:v0.1.9]/[NOASSERTION:google.golang.org/protobuf:v1.28.0])
    [NOASSERTION:github.com/onsi/gomega:v1.30.0]<Golang>(sbomqs-sbom-tool.spdx.json/[Interlynk:sbomqs:v0.1.9]/[NOASSERTION:github.com/onsi/gomega:v1.30.0])
    [NOASSERTION:github.com/package-url/packageurl-go:v0.1.3]<Golang>(sbomqs-sbom-tool.spdx.json/[Interlynk:sbomqs:v0.1.9]/[NOASSERTION:github.com/package-url/packageurl-go:v0.1.3])
    [NOASSERTION:github.com/google/go-github/v52:v52.0.0]<Golang>(sbomqs-sbom-tool.spdx.json/[Interlynk:sbomqs:v0.1.9]/[NOASSERTION:github.com/google/go-github/v52:v52.0.0])
    [NOASSERTION:github.com/blang/semver/v4:v4.0.0]<Golang>(sbomqs-sbom-tool.spdx.json/[Interlynk:sbomqs:v0.1.9]/[NOASSERTION:github.com/blang/semver/v4:v4.0.0])
    [NOASSERTION:github.com/dsnet/compress:v0.0.2-0.20210315054119-f66993602bf5]<Golang>(sbomqs-sbom-tool.spdx.json/[Interlynk:sbomqs:v0.1.9]/[NOASSERTION:github.com/dsnet/compress:v0.0.2-0.20210315054119-f66993602bf5])
    [NOASSERTION:github.com/google/go-querystring:v1.1.0]<Golang>(sbomqs-sbom-tool.spdx.json/[Interlynk:sbomqs:v0.1.9]/[NOASSERTION:github.com/google/go-querystring:v1.1.0])
    [NOASSERTION:github.com/CycloneDX/cyclonedx-go:v0.9.0]<Golang>(sbomqs-sbom-tool.spdx.json/[Interlynk:sbomqs:v0.1.9]/[NOASSERTION:github.com/CycloneDX/cyclonedx-go:v0.9.0])
    [NOASSERTION:github.com/anchore/go-struct-converter:v0.0.0-20230627203149-c72ef8859ca9]<Golang>(sbomqs-sbom-tool.spdx.json/[Interlynk:sbomqs:v0.1.9]/[NOASSERTION:github.com/anchore/go-struct-converter:v0.0.0-20230627203149-c72ef8859ca9])
    [NOASSERTION:github.com/xeipuuv/gojsonreference:v0.0.0-20180127040603-bd5ef7bd5415]<Golang>(sbomqs-sbom-tool.spdx.json/[Interlynk:sbomqs:v0.1.9]/[NOASSERTION:github.com/xeipuuv/gojsonreference:v0.0.0-20180127040603-bd5ef7bd5415])
    [NOASSERTION:gopkg.in/yaml.v2:v2.4.0]<Golang>(sbomqs-sbom-tool.spdx.json/[Interlynk:sbomqs:v0.1.9]/[NOASSERTION:gopkg.in/yaml.v2:v2.4.0])
[INFO] 2024/09/12 18:00:39 main.go:222: prepare report
[INFO] 2024/09/12 18:00:39 main.go:252: remove dev component
[INFO] 2024/09/12 18:00:39 origin.go:76: load 0 vulnerability
[INFO] 2024/09/12 18:00:39 detail.go:273: calculate indirect vuln
[WARN] 2024/09/12 18:00:39 main.go:259: database origin error: not config vuln database origin
[INFO] 2024/09/12 18:00:39 save.go:38: result save to xyz-sca.json
[INFO] 2024/09/12 18:00:39 main.go:92: 
Complete!
Components:86 C:0 H:0 M:0 L:0
Vulnerabilities:0 C:0 H:0 M:0 L:0
